2020-06-10 13:36:14,661 INFO c.p.p.PaysystemApplication-logStarting [main] Starting PaysystemApplication on UC715467VW7JAV with PID 3404 (C:\Devenv\git\P6\SoftwareAcademy-P6\paysystem\target\classes started by S058601 in C:\Devenv\git\P6\SoftwareAcademy-P6\paysystem)
2020-06-10 13:36:14,733 INFO c.p.p.PaysystemApplication-logStartupProfileInfo [main] No active profile set, falling back to default profiles: default
2020-06-10 13:36:18,125 INFO o.s.d.r.c.RepositoryConfigurationDelegate-registerRepositoriesIn [main] Bootstrapping Spring Data JPA repositories in DEFAULT mode.
2020-06-10 13:36:18,434 INFO o.s.d.r.c.RepositoryConfigurationDelegate-registerRepositoriesIn [main] Finished Spring Data repository scanning in 309ms. Found 7 JPA repository interfaces.
2020-06-10 13:36:18,923 INFO c.u.j.c.EnableEncryptablePropertiesBeanFactoryPostProcessor-postProcessBeanFactory [main] Post-processing PropertySource instances
2020-06-10 13:36:19,136 INFO c.u.j.EncryptablePropertySourceConverter-makeEncryptable [main] Converting PropertySource configurationProperties [org.springframework.boot.context.properties.source.ConfigurationPropertySourcesPropertySource] to AOP Proxy
2020-06-10 13:36:19,137 INFO c.u.j.EncryptablePropertySourceConverter-makeEncryptable [main] Converting PropertySource servletConfigInitParams [org.springframework.core.env.PropertySource$StubPropertySource] to EncryptablePropertySourceWrapper
2020-06-10 13:36:19,138 INFO c.u.j.EncryptablePropertySourceConverter-makeEncryptable [main] Converting PropertySource servletContextInitParams [org.springframework.core.env.PropertySource$StubPropertySource] to EncryptablePropertySourceWrapper
2020-06-10 13:36:19,139 INFO c.u.j.EncryptablePropertySourceConverter-makeEncryptable [main] Converting PropertySource systemProperties [org.springframework.core.env.PropertiesPropertySource] to EncryptableMapPropertySourceWrapper
2020-06-10 13:36:19,140 INFO c.u.j.EncryptablePropertySourceConverter-makeEncryptable [main] Converting PropertySource systemEnvironment [org.springframework.boot.env.SystemEnvironmentPropertySourceEnvironmentPostProcessor$OriginAwareSystemEnvironmentPropertySource] to EncryptableMapPropertySourceWrapper
2020-06-10 13:36:19,142 INFO c.u.j.EncryptablePropertySourceConverter-makeEncryptable [main] Converting PropertySource random [org.springframework.boot.env.RandomValuePropertySource] to EncryptablePropertySourceWrapper
2020-06-10 13:36:19,143 INFO c.u.j.EncryptablePropertySourceConverter-makeEncryptable [main] Converting PropertySource applicationConfig: [classpath:/application.properties] [org.springframework.boot.env.OriginTrackedMapPropertySource] to EncryptableMapPropertySourceWrapper
2020-06-10 13:36:19,487 INFO c.u.j.f.DefaultLazyPropertyFilter-lambda$null$2 [main] Property Filter custom Bean not found with name 'encryptablePropertyFilter'. Initializing Default Property Filter
2020-06-10 13:36:19,676 INFO o.s.c.s.PostProcessorRegistrationDelegate$BeanPostProcessorChecker-postProcessAfterInitialization [main] Bean 'org.springframework.security.config.annotation.configuration.ObjectPostProcessorConfiguration' of type [org.springframework.security.config.annotation.configuration.ObjectPostProcessorConfiguration] is not eligible for getting processed by all BeanPostProcessors (for example: not eligible for auto-proxying)
2020-06-10 13:36:19,680 INFO o.s.c.s.PostProcessorRegistrationDelegate$BeanPostProcessorChecker-postProcessAfterInitialization [main] Bean 'objectPostProcessor' of type [org.springframework.security.config.annotation.configuration.AutowireBeanFactoryObjectPostProcessor] is not eligible for getting processed by all BeanPostProcessors (for example: not eligible for auto-proxying)
2020-06-10 13:36:19,686 INFO o.s.c.s.PostProcessorRegistrationDelegate$BeanPostProcessorChecker-postProcessAfterInitialization [main] Bean 'org.springframework.security.access.expression.method.DefaultMethodSecurityExpressionHandler@6da9dc6' of type [org.springframework.security.access.expression.method.DefaultMethodSecurityExpressionHandler] is not eligible for getting processed by all BeanPostProcessors (for example: not eligible for auto-proxying)
2020-06-10 13:36:19,692 INFO o.s.c.s.PostProcessorRegistrationDelegate$BeanPostProcessorChecker-postProcessAfterInitialization [main] Bean 'org.springframework.security.config.annotation.method.configuration.GlobalMethodSecurityConfiguration' of type [org.springframework.security.config.annotation.method.configuration.GlobalMethodSecurityConfiguration] is not eligible for getting processed by all BeanPostProcessors (for example: not eligible for auto-proxying)
2020-06-10 13:36:19,706 INFO o.s.c.s.PostProcessorRegistrationDelegate$BeanPostProcessorChecker-postProcessAfterInitialization [main] Bean 'methodSecurityMetadataSource' of type [org.springframework.security.access.method.DelegatingMethodSecurityMetadataSource] is not eligible for getting processed by all BeanPostProcessors (for example: not eligible for auto-proxying)
2020-06-10 13:36:19,903 INFO c.u.j.r.DefaultLazyPropertyResolver-lambda$null$2 [main] Property Resolver custom Bean not found with name 'encryptablePropertyResolver'. Initializing Default Property Resolver
2020-06-10 13:36:19,909 INFO c.u.j.d.DefaultLazyPropertyDetector-lambda$null$2 [main] Property Detector custom Bean not found with name 'encryptablePropertyDetector'. Initializing Default Property Detector
2020-06-10 13:36:20,409 INFO o.s.b.w.e.t.TomcatWebServer-initialize [main] Tomcat initialized with port(s): 8080 (http)
2020-06-10 13:36:20,429 INFO o.a.c.h.Http11NioProtocol-log [main] Initializing ProtocolHandler ["http-nio-8080"]
2020-06-10 13:36:20,431 INFO o.a.c.c.StandardService-log [main] Starting service [Tomcat]
2020-06-10 13:36:20,432 INFO o.a.c.c.StandardEngine-log [main] Starting Servlet engine: [Apache Tomcat/9.0.33]
2020-06-10 13:36:20,696 INFO o.a.c.c.C.[.[.[/]-log [main] Initializing Spring embedded WebApplicationContext
2020-06-10 13:36:20,700 INFO o.s.w.c.ContextLoader-prepareWebApplicationContext [main] Root WebApplicationContext: initialization completed in 5723 ms
2020-06-10 13:36:21,097 INFO c.u.j.e.DefaultLazyEncryptor-lambda$null$2 [main] String Encryptor custom Bean not found with name 'jasyptStringEncryptor'. Initializing Default String Encryptor
2020-06-10 13:36:21,112 INFO c.u.j.e.DefaultLazyEncryptor-getProperty [main] Encryptor config not found for property jasypt.encryptor.algorithm, using default value: PBEWithMD5AndDES
2020-06-10 13:36:21,113 INFO c.u.j.e.DefaultLazyEncryptor-getProperty [main] Encryptor config not found for property jasypt.encryptor.keyObtentionIterations, using default value: 1000
2020-06-10 13:36:21,114 INFO c.u.j.e.DefaultLazyEncryptor-getProperty [main] Encryptor config not found for property jasypt.encryptor.poolSize, using default value: 1
2020-06-10 13:36:21,115 INFO c.u.j.e.DefaultLazyEncryptor-getProperty [main] Encryptor config not found for property jasypt.encryptor.providerName, using default value: null
2020-06-10 13:36:21,116 INFO c.u.j.e.DefaultLazyEncryptor-getProperty [main] Encryptor config not found for property jasypt.encryptor.providerClassName, using default value: null
2020-06-10 13:36:21,117 INFO c.u.j.e.DefaultLazyEncryptor-getProperty [main] Encryptor config not found for property jasypt.encryptor.saltGeneratorClassname, using default value: org.jasypt.salt.RandomSaltGenerator
2020-06-10 13:36:21,118 INFO c.u.j.e.DefaultLazyEncryptor-getProperty [main] Encryptor config not found for property jasypt.encryptor.ivGeneratorClassname, using default value: org.jasypt.salt.NoOpIVGenerator
2020-06-10 13:36:21,120 INFO c.u.j.e.DefaultLazyEncryptor-getProperty [main] Encryptor config not found for property jasypt.encryptor.stringOutputType, using default value: base64
2020-06-10 13:36:21,395 INFO c.z.h.HikariDataSource-getConnection [main] HikariPool-1 - Starting...
2020-06-10 13:36:22,167 INFO c.z.h.HikariDataSource-getConnection [main] HikariPool-1 - Start completed.
2020-06-10 13:36:22,183 INFO o.s.b.a.h.H2ConsoleAutoConfiguration-lambda$h2Console$0 [main] H2 console available at '/h2-console'. Database available at 'jdbc:mysql://localhost:3306/paymybuddy_prod?zeroDateTimeBehavior=CONVERT_TO_NULL&serverTimezone=Europe/Paris'
2020-06-10 13:36:22,370 WARN o.s.b.a.o.j.JpaBaseConfiguration$JpaWebConfiguration-openEntityManagerInViewInterceptor [main] spring.jpa.open-in-view is enabled by default. Therefore, database queries may be performed during view rendering. Explicitly configure spring.jpa.open-in-view to disable this warning
2020-06-10 13:36:23,529 WARN o.h.c.AnnotationBinder-processJoinedDiscriminatorProperties [main] HHH000457: Joined inheritance hierarchy [com.paymybuddy.paysystem.model.Transaction] defined explicit @DiscriminatorColumn.  Legacy Hibernate behavior was to ignore the @DiscriminatorColumn.  However, as part of issue HHH-6911 we now apply the explicit @DiscriminatorColumn.  If you would prefer the legacy behavior, enable the `hibernate.discriminator.ignore_explicit_for_joined` setting (hibernate.discriminator.ignore_explicit_for_joined=true)
2020-06-10 13:36:28,814 INFO o.s.o.j.LocalContainerEntityManagerFactoryBean-buildNativeEntityManagerFactory [main] Initialized JPA EntityManagerFactory for persistence unit 'default'
2020-06-10 13:36:31,360 INFO o.s.s.w.DefaultSecurityFilterChain-<init> [main] Creating filter chain: Ant [pattern='/v2/api-docs'], []
2020-06-10 13:36:31,360 INFO o.s.s.w.DefaultSecurityFilterChain-<init> [main] Creating filter chain: Ant [pattern='/swagger-resources/**'], []
2020-06-10 13:36:31,361 INFO o.s.s.w.DefaultSecurityFilterChain-<init> [main] Creating filter chain: Ant [pattern='/swagger-ui.html'], []
2020-06-10 13:36:31,361 INFO o.s.s.w.DefaultSecurityFilterChain-<init> [main] Creating filter chain: Ant [pattern='/configuration/**'], []
2020-06-10 13:36:31,361 INFO o.s.s.w.DefaultSecurityFilterChain-<init> [main] Creating filter chain: Ant [pattern='/webjars/**'], []
2020-06-10 13:36:31,362 INFO o.s.s.w.DefaultSecurityFilterChain-<init> [main] Creating filter chain: Ant [pattern='/public'], []
2020-06-10 13:36:31,363 INFO o.s.s.w.DefaultSecurityFilterChain-<init> [main] Creating filter chain: Ant [pattern='/h2-console/**/**'], []
2020-06-10 13:36:31,472 INFO o.s.s.w.DefaultSecurityFilterChain-<init> [main] Creating filter chain: any request, [org.springframework.security.web.context.request.async.WebAsyncManagerIntegrationFilter@10d905c1, org.springframework.security.web.context.SecurityContextPersistenceFilter@116fc29e, org.springframework.security.web.header.HeaderWriterFilter@4e5d5ac1, org.springframework.security.web.authentication.logout.LogoutFilter@1be3f8f8, com.paymybuddy.paysystem.config.JwtTokenFilter@e4b54d3, org.springframework.security.web.savedrequest.RequestCacheAwareFilter@1a0ffb9b, org.springframework.security.web.servletapi.SecurityContextHolderAwareRequestFilter@2be50bba, org.springframework.security.web.authentication.AnonymousAuthenticationFilter@62883f8a, org.springframework.security.web.session.SessionManagementFilter@61eab26b, org.springframework.security.web.access.ExceptionTranslationFilter@6cd7f381, org.springframework.security.web.access.intercept.FilterSecurityInterceptor@10a0a1e]
2020-06-10 13:36:32,039 INFO o.s.s.c.ThreadPoolTaskExecutor-initialize [main] Initializing ExecutorService 'applicationTaskExecutor'
2020-06-10 13:36:33,512 INFO o.a.c.h.Http11NioProtocol-log [main] Starting ProtocolHandler ["http-nio-8080"]
2020-06-10 13:36:33,561 INFO o.s.b.w.e.t.TomcatWebServer-start [main] Tomcat started on port(s): 8080 (http) with context path ''
2020-06-10 13:36:33,749 INFO o.s.b.w.e.t.TomcatWebServer-initialize [main] Tomcat initialized with port(s): 8090 (http)
2020-06-10 13:36:33,752 INFO o.a.c.h.Http11NioProtocol-log [main] Initializing ProtocolHandler ["http-nio-8090"]
2020-06-10 13:36:33,752 INFO o.a.c.c.StandardService-log [main] Starting service [Tomcat]
2020-06-10 13:36:33,753 INFO o.a.c.c.StandardEngine-log [main] Starting Servlet engine: [Apache Tomcat/9.0.33]
2020-06-10 13:36:33,801 INFO o.a.c.c.C.[.[.[/]-log [main] Initializing Spring embedded WebApplicationContext
2020-06-10 13:36:33,802 INFO o.s.w.c.ContextLoader-prepareWebApplicationContext [main] Root WebApplicationContext: initialization completed in 234 ms
2020-06-10 13:36:33,827 INFO o.s.b.a.e.w.EndpointLinksResolver-<init> [main] Exposing 4 endpoint(s) beneath base path '/actuator'
2020-06-10 13:36:33,929 INFO o.a.c.h.Http11NioProtocol-log [main] Starting ProtocolHandler ["http-nio-8090"]
2020-06-10 13:36:33,942 INFO o.s.b.w.e.t.TomcatWebServer-start [main] Tomcat started on port(s): 8090 (http) with context path ''
2020-06-10 13:36:33,944 INFO c.p.p.PaysystemApplication-logStarted [main] Started PaysystemApplication in 20.183 seconds (JVM running for 24.492)
2020-06-10 13:36:34,912 INFO o.a.c.c.C.[.[.[/]-log [RMI TCP Connection(7)-10.0.2.15] Initializing Spring DispatcherServlet 'dispatcherServlet'
2020-06-10 13:36:34,912 INFO o.s.w.s.DispatcherServlet-initServletBean [RMI TCP Connection(7)-10.0.2.15] Initializing Servlet 'dispatcherServlet'
2020-06-10 13:36:34,935 INFO o.s.w.s.DispatcherServlet-initServletBean [RMI TCP Connection(7)-10.0.2.15] Completed initialization in 21 ms
2020-06-10 13:37:27,399 WARN o.s.w.s.m.s.DefaultHandlerExceptionResolver-logException [http-nio-8080-exec-6] Resolved [org.springframework.http.converter.HttpMessageNotReadableException: Required request body is missing: public java.lang.String com.paymybuddy.paysystem.web.controller.PersonController.checkPwd(com.paymybuddy.paysystem.model.Person) throws com.paymybuddy.paysystem.web.exceptions.SinginIncorrectEmailPasswordException]
