2020-06-04 10:02:42,064 INFO c.p.p.PaysystemApplication-logStarting [main] Starting PaysystemApplication on UC715467VW7JAV with PID 7032 (C:\Devenv\git\P6\SoftwareAcademy-P6\paysystem\target\classes started by S058601 in C:\Devenv\git\P6\SoftwareAcademy-P6\paysystem)
2020-06-04 10:02:42,254 INFO c.p.p.PaysystemApplication-logStartupProfileInfo [main] No active profile set, falling back to default profiles: default
2020-06-04 10:02:44,271 INFO o.s.d.r.c.RepositoryConfigurationDelegate-registerRepositoriesIn [main] Bootstrapping Spring Data JPA repositories in DEFAULT mode.
2020-06-04 10:02:44,543 INFO o.s.d.r.c.RepositoryConfigurationDelegate-registerRepositoriesIn [main] Finished Spring Data repository scanning in 280ms. Found 6 JPA repository interfaces.
2020-06-04 10:02:45,001 INFO c.u.j.c.EnableEncryptablePropertiesBeanFactoryPostProcessor-postProcessBeanFactory [main] Post-processing PropertySource instances
2020-06-04 10:02:45,170 INFO c.u.j.EncryptablePropertySourceConverter-makeEncryptable [main] Converting PropertySource configurationProperties [org.springframework.boot.context.properties.source.ConfigurationPropertySourcesPropertySource] to AOP Proxy
2020-06-04 10:02:45,171 INFO c.u.j.EncryptablePropertySourceConverter-makeEncryptable [main] Converting PropertySource servletConfigInitParams [org.springframework.core.env.PropertySource$StubPropertySource] to EncryptablePropertySourceWrapper
2020-06-04 10:02:45,172 INFO c.u.j.EncryptablePropertySourceConverter-makeEncryptable [main] Converting PropertySource servletContextInitParams [org.springframework.core.env.PropertySource$StubPropertySource] to EncryptablePropertySourceWrapper
2020-06-04 10:02:45,173 INFO c.u.j.EncryptablePropertySourceConverter-makeEncryptable [main] Converting PropertySource systemProperties [org.springframework.core.env.PropertiesPropertySource] to EncryptableMapPropertySourceWrapper
2020-06-04 10:02:45,174 INFO c.u.j.EncryptablePropertySourceConverter-makeEncryptable [main] Converting PropertySource systemEnvironment [org.springframework.boot.env.SystemEnvironmentPropertySourceEnvironmentPostProcessor$OriginAwareSystemEnvironmentPropertySource] to EncryptableMapPropertySourceWrapper
2020-06-04 10:02:45,175 INFO c.u.j.EncryptablePropertySourceConverter-makeEncryptable [main] Converting PropertySource random [org.springframework.boot.env.RandomValuePropertySource] to EncryptablePropertySourceWrapper
2020-06-04 10:02:45,176 INFO c.u.j.EncryptablePropertySourceConverter-makeEncryptable [main] Converting PropertySource applicationConfig: [classpath:/application.properties] [org.springframework.boot.env.OriginTrackedMapPropertySource] to EncryptableMapPropertySourceWrapper
2020-06-04 10:02:45,451 INFO c.u.j.f.DefaultLazyPropertyFilter-lambda$null$2 [main] Property Filter custom Bean not found with name 'encryptablePropertyFilter'. Initializing Default Property Filter
2020-06-04 10:02:45,577 INFO o.s.c.s.PostProcessorRegistrationDelegate$BeanPostProcessorChecker-postProcessAfterInitialization [main] Bean 'org.springframework.security.config.annotation.configuration.ObjectPostProcessorConfiguration' of type [org.springframework.security.config.annotation.configuration.ObjectPostProcessorConfiguration] is not eligible for getting processed by all BeanPostProcessors (for example: not eligible for auto-proxying)
2020-06-04 10:02:45,593 INFO o.s.c.s.PostProcessorRegistrationDelegate$BeanPostProcessorChecker-postProcessAfterInitialization [main] Bean 'objectPostProcessor' of type [org.springframework.security.config.annotation.configuration.AutowireBeanFactoryObjectPostProcessor] is not eligible for getting processed by all BeanPostProcessors (for example: not eligible for auto-proxying)
2020-06-04 10:02:45,598 INFO o.s.c.s.PostProcessorRegistrationDelegate$BeanPostProcessorChecker-postProcessAfterInitialization [main] Bean 'org.springframework.security.access.expression.method.DefaultMethodSecurityExpressionHandler@22d9c961' of type [org.springframework.security.access.expression.method.DefaultMethodSecurityExpressionHandler] is not eligible for getting processed by all BeanPostProcessors (for example: not eligible for auto-proxying)
2020-06-04 10:02:45,605 INFO o.s.c.s.PostProcessorRegistrationDelegate$BeanPostProcessorChecker-postProcessAfterInitialization [main] Bean 'org.springframework.security.config.annotation.method.configuration.GlobalMethodSecurityConfiguration' of type [org.springframework.security.config.annotation.method.configuration.GlobalMethodSecurityConfiguration] is not eligible for getting processed by all BeanPostProcessors (for example: not eligible for auto-proxying)
2020-06-04 10:02:45,612 INFO o.s.c.s.PostProcessorRegistrationDelegate$BeanPostProcessorChecker-postProcessAfterInitialization [main] Bean 'methodSecurityMetadataSource' of type [org.springframework.security.access.method.DelegatingMethodSecurityMetadataSource] is not eligible for getting processed by all BeanPostProcessors (for example: not eligible for auto-proxying)
2020-06-04 10:02:45,786 INFO c.u.j.r.DefaultLazyPropertyResolver-lambda$null$2 [main] Property Resolver custom Bean not found with name 'encryptablePropertyResolver'. Initializing Default Property Resolver
2020-06-04 10:02:45,788 INFO c.u.j.d.DefaultLazyPropertyDetector-lambda$null$2 [main] Property Detector custom Bean not found with name 'encryptablePropertyDetector'. Initializing Default Property Detector
2020-06-04 10:02:46,313 INFO o.s.b.w.e.t.TomcatWebServer-initialize [main] Tomcat initialized with port(s): 8080 (http)
2020-06-04 10:02:46,330 INFO o.a.c.h.Http11NioProtocol-log [main] Initializing ProtocolHandler ["http-nio-8080"]
2020-06-04 10:02:46,331 INFO o.a.c.c.StandardService-log [main] Starting service [Tomcat]
2020-06-04 10:02:46,332 INFO o.a.c.c.StandardEngine-log [main] Starting Servlet engine: [Apache Tomcat/9.0.33]
2020-06-04 10:02:46,548 INFO o.a.c.c.C.[.[.[/]-log [main] Initializing Spring embedded WebApplicationContext
2020-06-04 10:02:46,549 INFO o.s.w.c.ContextLoader-prepareWebApplicationContext [main] Root WebApplicationContext: initialization completed in 4141 ms
2020-06-04 10:02:46,570 INFO c.u.j.e.DefaultLazyEncryptor-lambda$null$2 [main] String Encryptor custom Bean not found with name 'jasyptStringEncryptor'. Initializing Default String Encryptor
2020-06-04 10:02:46,595 INFO c.u.j.e.DefaultLazyEncryptor-getProperty [main] Encryptor config not found for property jasypt.encryptor.algorithm, using default value: PBEWithMD5AndDES
2020-06-04 10:02:46,596 INFO c.u.j.e.DefaultLazyEncryptor-getProperty [main] Encryptor config not found for property jasypt.encryptor.keyObtentionIterations, using default value: 1000
2020-06-04 10:02:46,597 INFO c.u.j.e.DefaultLazyEncryptor-getProperty [main] Encryptor config not found for property jasypt.encryptor.poolSize, using default value: 1
2020-06-04 10:02:46,597 INFO c.u.j.e.DefaultLazyEncryptor-getProperty [main] Encryptor config not found for property jasypt.encryptor.providerName, using default value: null
2020-06-04 10:02:46,598 INFO c.u.j.e.DefaultLazyEncryptor-getProperty [main] Encryptor config not found for property jasypt.encryptor.providerClassName, using default value: null
2020-06-04 10:02:46,599 INFO c.u.j.e.DefaultLazyEncryptor-getProperty [main] Encryptor config not found for property jasypt.encryptor.saltGeneratorClassname, using default value: org.jasypt.salt.RandomSaltGenerator
2020-06-04 10:02:46,603 INFO c.u.j.e.DefaultLazyEncryptor-getProperty [main] Encryptor config not found for property jasypt.encryptor.ivGeneratorClassname, using default value: org.jasypt.salt.NoOpIVGenerator
2020-06-04 10:02:46,605 INFO c.u.j.e.DefaultLazyEncryptor-getProperty [main] Encryptor config not found for property jasypt.encryptor.stringOutputType, using default value: base64
2020-06-04 10:02:46,899 INFO c.z.h.HikariDataSource-getConnection [main] HikariPool-1 - Starting...
2020-06-04 10:02:47,876 INFO c.z.h.HikariDataSource-getConnection [main] HikariPool-1 - Start completed.
2020-06-04 10:02:47,890 INFO o.s.b.a.h.H2ConsoleAutoConfiguration-lambda$h2Console$0 [main] H2 console available at '/h2-console'. Database available at 'jdbc:mysql://localhost:3306/paymybuddy_prod?zeroDateTimeBehavior=CONVERT_TO_NULL&serverTimezone=Europe/Paris'
2020-06-04 10:02:49,926 WARN o.h.c.AnnotationBinder-processJoinedDiscriminatorProperties [main] HHH000457: Joined inheritance hierarchy [com.paymybuddy.paysystem.model.Transaction] defined explicit @DiscriminatorColumn.  Legacy Hibernate behavior was to ignore the @DiscriminatorColumn.  However, as part of issue HHH-6911 we now apply the explicit @DiscriminatorColumn.  If you would prefer the legacy behavior, enable the `hibernate.discriminator.ignore_explicit_for_joined` setting (hibernate.discriminator.ignore_explicit_for_joined=true)
2020-06-04 10:02:54,199 INFO o.s.o.j.LocalContainerEntityManagerFactoryBean-buildNativeEntityManagerFactory [main] Initialized JPA EntityManagerFactory for persistence unit 'default'
2020-06-04 10:02:55,387 WARN o.s.b.a.o.j.JpaBaseConfiguration$JpaWebConfiguration-openEntityManagerInViewInterceptor [main] spring.jpa.open-in-view is enabled by default. Therefore, database queries may be performed during view rendering. Explicitly configure spring.jpa.open-in-view to disable this warning
2020-06-04 10:02:56,049 INFO o.s.s.w.DefaultSecurityFilterChain-<init> [main] Creating filter chain: Ant [pattern='/v2/api-docs'], []
2020-06-04 10:02:56,050 INFO o.s.s.w.DefaultSecurityFilterChain-<init> [main] Creating filter chain: Ant [pattern='/swagger-resources/**'], []
2020-06-04 10:02:56,050 INFO o.s.s.w.DefaultSecurityFilterChain-<init> [main] Creating filter chain: Ant [pattern='/swagger-ui.html'], []
2020-06-04 10:02:56,051 INFO o.s.s.w.DefaultSecurityFilterChain-<init> [main] Creating filter chain: Ant [pattern='/configuration/**'], []
2020-06-04 10:02:56,051 INFO o.s.s.w.DefaultSecurityFilterChain-<init> [main] Creating filter chain: Ant [pattern='/webjars/**'], []
2020-06-04 10:02:56,052 INFO o.s.s.w.DefaultSecurityFilterChain-<init> [main] Creating filter chain: Ant [pattern='/public'], []
2020-06-04 10:02:56,052 INFO o.s.s.w.DefaultSecurityFilterChain-<init> [main] Creating filter chain: Ant [pattern='/h2-console/**/**'], []
2020-06-04 10:02:56,144 INFO o.s.s.w.DefaultSecurityFilterChain-<init> [main] Creating filter chain: any request, [org.springframework.security.web.context.request.async.WebAsyncManagerIntegrationFilter@6ac756b, org.springframework.security.web.context.SecurityContextPersistenceFilter@7b3a6e95, org.springframework.security.web.header.HeaderWriterFilter@26463a6, org.springframework.security.web.authentication.logout.LogoutFilter@660296d5, com.paymybuddy.paysystem.config.JwtTokenFilter@156324b, org.springframework.security.web.savedrequest.RequestCacheAwareFilter@77a2688d, org.springframework.security.web.servletapi.SecurityContextHolderAwareRequestFilter@4dd1d2bb, org.springframework.security.web.authentication.AnonymousAuthenticationFilter@38a38ed4, org.springframework.security.web.session.SessionManagementFilter@608b35fa, org.springframework.security.web.access.ExceptionTranslationFilter@682266d8, org.springframework.security.web.access.intercept.FilterSecurityInterceptor@e97f115]
2020-06-04 10:02:56,513 INFO o.s.s.c.ThreadPoolTaskExecutor-initialize [main] Initializing ExecutorService 'applicationTaskExecutor'
2020-06-04 10:02:57,441 INFO o.a.c.h.Http11NioProtocol-log [main] Starting ProtocolHandler ["http-nio-8080"]
2020-06-04 10:02:57,491 INFO o.s.b.w.e.t.TomcatWebServer-start [main] Tomcat started on port(s): 8080 (http) with context path ''
2020-06-04 10:02:57,498 INFO c.p.p.PaysystemApplication-logStarted [main] Started PaysystemApplication in 18.131 seconds (JVM running for 24.054)
2020-06-04 10:03:04,742 INFO o.a.c.c.C.[.[.[/]-log [http-nio-8080-exec-2] Initializing Spring DispatcherServlet 'dispatcherServlet'
2020-06-04 10:03:04,743 INFO o.s.w.s.DispatcherServlet-initServletBean [http-nio-8080-exec-2] Initializing Servlet 'dispatcherServlet'
2020-06-04 10:03:04,765 INFO o.s.w.s.DispatcherServlet-initServletBean [http-nio-8080-exec-2] Completed initialization in 21 ms
2020-06-04 10:03:05,100 INFO c.p.p.w.c.PersonController-checkPwd [http-nio-8080-exec-2] Signin
2020-06-04 10:03:14,971 INFO c.p.p.w.c.PersonController-signup [http-nio-8080-exec-3] signup start : 
2020-06-04 10:03:38,435 INFO c.p.p.w.c.PersonController-addBuddy [http-nio-8080-exec-5] addBuddy start : vesper.lynd@casinoroyal.com
2020-06-04 10:03:38,436 INFO c.p.p.w.c.PersonController-addBuddy [http-nio-8080-exec-5] buddy Controler
2020-06-04 10:04:56,710 INFO c.p.p.w.c.PersonController-transactionBuddy [http-nio-8080-exec-10] TransactionBuddy start : com.paymybuddy.paysystem.model.questions.TransactionBuddy@71ad3ea3
2020-06-04 10:05:02,555 INFO c.p.p.w.c.PersonController-transactionBuddy [http-nio-8080-exec-1] TransactionBuddy start : com.paymybuddy.paysystem.model.questions.TransactionBuddy@30a77b26
2020-06-04 10:05:03,373 INFO c.p.p.w.c.PersonController-transactionBuddy [http-nio-8080-exec-2] TransactionBuddy start : com.paymybuddy.paysystem.model.questions.TransactionBuddy@33fdeb2d
2020-06-04 10:05:04,209 INFO c.p.p.w.c.PersonController-transactionBuddy [http-nio-8080-exec-3] TransactionBuddy start : com.paymybuddy.paysystem.model.questions.TransactionBuddy@56ccf8b6
2020-06-04 10:05:56,196 INFO c.p.p.w.c.BankInfoController-saveBankinfo [http-nio-8080-exec-7] SaveBankinfo start : BankInfo{id=0, type=1, info='IBAN', description='abcdef', person=com.paymybuddy.paysystem.model.Person@54359f11}
2020-06-04 10:06:00,525 INFO c.p.p.w.c.BankInfoController-saveBankinfo [http-nio-8080-exec-8] SaveBankinfo start : BankInfo{id=0, type=1, info='IBAN', description='abcdef', person=com.paymybuddy.paysystem.model.Person@2246ea18}
2020-06-04 10:06:02,733 INFO c.p.p.w.c.BankInfoController-saveBankinfo [http-nio-8080-exec-9] SaveBankinfo start : BankInfo{id=0, type=1, info='IBAN', description='abcdef', person=com.paymybuddy.paysystem.model.Person@1a1abb03}
